<?xml version="1.0" encoding="UTF-8"?>
<!-- Generated by org.testng.reporters.JUnitReportReporter -->
<testsuite hostname="LepingGuo" name="com.guo.selenium.testng.TestNGExample" tests="3" failures="0" timestamp="5 Oct 2017 00:41:59 GMT" time="253.672" errors="0">
  <testcase name="TestCase02" time="148.316" classname="com.guo.selenium.testng.TestNGExample"/>
  <testcase name="TestCase01" time="105.353" classname="com.guo.selenium.testng.TestNGExample"/>
  <testcase name="TestCase03" time="0.003" classname="com.guo.selenium.testng.TestNGExample"/>
</testsuite> <!-- com.guo.selenium.testng.TestNGExample -->
