<?xml version="1.0" encoding="UTF-8"?>
<!-- Generated by org.testng.reporters.JUnitReportReporter -->
<testsuite hostname="LepingGuo" name="com.guo.selenium.testng.NewTestNG" tests="3" failures="0" timestamp="4 Oct 2017 01:28:22 GMT" time="225.376" errors="0">
  <testcase name="TestCase02" time="150.083" classname="com.guo.selenium.testng.NewTestNG"/>
  <testcase name="TestCase01" time="75.293" classname="com.guo.selenium.testng.NewTestNG"/>
  <testcase name="TestCase03" time="0.000" classname="com.guo.selenium.testng.NewTestNG"/>
</testsuite> <!-- com.guo.selenium.testng.NewTestNG -->
